# JRE version: Java(TM) SE Runtime Environment (8.0_121-b13) (build 1.8.0_121-b13)
# Java VM: Java HotSpot(TM) 64-Bit Server VM (25.121-b13 mixed mode windows-amd64 compressed oops)
Heap:
 PSYoungGen      total 59904K, used 6244K [0x00000000d5f00000, 0x00000000da900000, 0x0000000100000000)
  eden space 58368K, 8% used [0x00000000d5f00000,0x00000000d63d1770,0x00000000d9800000)
  from space 1536K, 85% used [0x00000000da780000,0x00000000da8c7a90,0x00000000da900000)
  to   space 8192K, 0% used [0x00000000d9900000,0x00000000d9900000,0x00000000da100000)
 ParOldGen       total 47104K, used 4953K [0x0000000081c00000, 0x0000000084a00000, 0x00000000d5f00000)
  object space 47104K, 10% used [0x0000000081c00000,0x00000000820d6448,0x0000000084a00000)
 Metaspace       used 21346K, capacity 21546K, committed 21936K, reserved 1069056K
  class space    used 2130K, capacity 2217K, committed 2304K, reserved 1048576K
GC Heap History (10 events):
Event: 6.343 GC heap before
{Heap before GC invocations=3 (full 0):
 PSYoungGen      total 38400K, used 37227K [0x00000000d5f00000, 0x00000000d8980000, 0x0000000100000000)
  eden space 33280K, 100% used [0x00000000d5f00000,0x00000000d7f80000,0x00000000d7f80000)
  from space 5120K, 77% used [0x00000000d8480000,0x00000000d885ac60,0x00000000d8980000)
  to   space 5120K, 0% used [0x00000000d7f80000,0x00000000d7f80000,0x00000000d8480000)
 ParOldGen       total 87552K, used 16K [0x0000000081c00000, 0x0000000087180000, 0x00000000d5f00000)
  object space 87552K, 0% used [0x0000000081c00000,0x0000000081c04000,0x0000000087180000)
 Metaspace       used 14934K, capacity 15148K, committed 15360K, reserved 1062912K
  class space    used 1692K, capacity 1769K, committed 1792K, reserved 1048576K
Event: 6.348 GC heap after
Heap after GC invocations=3 (full 0):
 PSYoungGen      total 38400K, used 5113K [0x00000000d5f00000, 0x00000000d8980000, 0x0000000100000000)
  eden space 33280K, 0% used [0x00000000d5f00000,0x00000000d5f00000,0x00000000d7f80000)
  from space 5120K, 99% used [0x00000000d7f80000,0x00000000d847e570,0x00000000d8480000)
  to   space 5120K, 0% used [0x00000000d8480000,0x00000000d8480000,0x00000000d8980000)
 ParOldGen       total 87552K, used 1243K [0x0000000081c00000, 0x0000000087180000, 0x00000000d5f00000)
  object space 87552K, 1% used [0x0000000081c00000,0x0000000081d36c98,0x0000000087180000)
 Metaspace       used 14934K, capacity 15148K, committed 15360K, reserved 1062912K
  class space    used 1692K, capacity 1769K, committed 1792K, reserved 1048576K
}
Event: 6.640 GC heap before
{Heap before GC invocations=4 (full 0):
 PSYoungGen      total 38400K, used 38393K [0x00000000d5f00000, 0x00000000d8980000, 0x0000000100000000)
  eden space 33280K, 100% used [0x00000000d5f00000,0x00000000d7f80000,0x00000000d7f80000)
  from space 5120K, 99% used [0x00000000d7f80000,0x00000000d847e570,0x00000000d8480000)
  to   space 5120K, 0% used [0x00000000d8480000,0x00000000d8480000,0x00000000d8980000)
 ParOldGen       total 87552K, used 1243K [0x0000000081c00000, 0x0000000087180000, 0x00000000d5f00000)
  object space 87552K, 1% used [0x0000000081c00000,0x0000000081d36c98,0x0000000087180000)
 Metaspace       used 16870K, capacity 17068K, committed 17408K, reserved 1064960K
  class space    used 1888K, capacity 1961K, committed 2048K, reserved 1048576K
Event: 6.647 GC heap after
Heap after GC invocations=4 (full 0):
 PSYoungGen      total 38400K, used 5107K [0x00000000d5f00000, 0x00000000daa00000, 0x0000000100000000)
  eden space 33280K, 0% used [0x00000000d5f00000,0x00000000d5f00000,0x00000000d7f80000)
  from space 5120K, 99% used [0x00000000d8480000,0x00000000d897cd20,0x00000000d8980000)
  to   space 5120K, 0% used [0x00000000d7f80000,0x00000000d7f80000,0x00000000d8480000)
 ParOldGen       total 87552K, used 2255K [0x0000000081c00000, 0x0000000087180000, 0x00000000d5f00000)
  object space 87552K, 2% used [0x0000000081c00000,0x0000000081e33dc8,0x0000000087180000)
 Metaspace       used 16870K, capacity 17068K, committed 17408K, reserved 1064960K
  class space    used 1888K, capacity 1961K, committed 2048K, reserved 1048576K
}
Event: 6.834 GC heap before
{Heap before GC invocations=5 (full 0):
 PSYoungGen      total 38400K, used 24302K [0x00000000d5f00000, 0x00000000daa00000, 0x0000000100000000)
  eden space 33280K, 57% used [0x00000000d5f00000,0x00000000d71beba0,0x00000000d7f80000)
  from space 5120K, 99% used [0x00000000d8480000,0x00000000d897cd20,0x00000000d8980000)
  to   space 5120K, 0% used [0x00000000d7f80000,0x00000000d7f80000,0x00000000d8480000)
 ParOldGen       total 87552K, used 2255K [0x0000000081c00000, 0x0000000087180000, 0x00000000d5f00000)
  object space 87552K, 2% used [0x0000000081c00000,0x0000000081e33dc8,0x0000000087180000)
 Metaspace       used 20854K, capacity 21034K, committed 21296K, reserved 1069056K
  class space    used 2088K, capacity 2153K, committed 2176K, reserved 1048576K
Event: 6.839 GC heap after
Heap after GC invocations=5 (full 0):
 PSYoungGen      total 38400K, used 5115K [0x00000000d5f00000, 0x00000000daf00000, 0x0000000100000000)
  eden space 33280K, 0% used [0x00000000d5f00000,0x00000000d5f00000,0x00000000d7f80000)
  from space 5120K, 99% used [0x00000000d7f80000,0x00000000d847ec78,0x00000000d8480000)
  to   space 7680K, 0% used [0x00000000da780000,0x00000000da780000,0x00000000daf00000)
 ParOldGen       total 87552K, used 2304K [0x0000000081c00000, 0x0000000087180000, 0x00000000d5f00000)
  object space 87552K, 2% used [0x0000000081c00000,0x0000000081e40368,0x0000000087180000)
 Metaspace       used 20854K, capacity 21034K, committed 21296K, reserved 1069056K
  class space    used 2088K, capacity 2153K, committed 2176K, reserved 1048576K
}
Event: 6.839 GC heap before
{Heap before GC invocations=6 (full 1):
 PSYoungGen      total 38400K, used 5115K [0x00000000d5f00000, 0x00000000daf00000, 0x0000000100000000)
  eden space 33280K, 0% used [0x00000000d5f00000,0x00000000d5f00000,0x00000000d7f80000)
  from space 5120K, 99% used [0x00000000d7f80000,0x00000000d847ec78,0x00000000d8480000)
  to   space 7680K, 0% used [0x00000000da780000,0x00000000da780000,0x00000000daf00000)
 ParOldGen       total 87552K, used 2304K [0x0000000081c00000, 0x0000000087180000, 0x00000000d5f00000)
  object space 87552K, 2% used [0x0000000081c00000,0x0000000081e40368,0x0000000087180000)
 Metaspace       used 20854K, capacity 21034K, committed 21296K, reserved 1069056K
  class space    used 2088K, capacity 2153K, committed 2176K, reserved 1048576K
Event: 6.866 GC heap after
Heap after GC invocations=6 (full 1):
 PSYoungGen      total 38400K, used 0K [0x00000000d5f00000, 0x00000000daf00000, 0x0000000100000000)
  eden space 33280K, 0% used [0x00000000d5f00000,0x00000000d5f00000,0x00000000d7f80000)
  from space 5120K, 0% used [0x00000000d7f80000,0x00000000d7f80000,0x00000000d8480000)
  to   space 7680K, 0% used [0x00000000da780000,0x00000000da780000,0x00000000daf00000)
 ParOldGen       total 47104K, used 4945K [0x0000000081c00000, 0x0000000084a00000, 0x00000000d5f00000)
  object space 47104K, 10% used [0x0000000081c00000,0x00000000820d4448,0x0000000084a00000)
 Metaspace       used 20854K, capacity 21034K, committed 21296K, reserved 1069056K
  class space    used 2088K, capacity 2153K, committed 2176K, reserved 1048576K
}
Event: 7.618 GC heap before
{Heap before GC invocations=7 (full 1):
 PSYoungGen      total 38400K, used 33246K [0x00000000d5f00000, 0x00000000daf00000, 0x0000000100000000)
  eden space 33280K, 99% used [0x00000000d5f00000,0x00000000d7f77838,0x00000000d7f80000)
  from space 5120K, 0% used [0x00000000d7f80000,0x00000000d7f80000,0x00000000d8480000)
  to   space 7680K, 0% used [0x00000000da780000,0x00000000da780000,0x00000000daf00000)
 ParOldGen       total 47104K, used 4945K [0x0000000081c00000, 0x0000000084a00000, 0x00000000d5f00000)
  object space 47104K, 10% used [0x0000000081c00000,0x00000000820d4448,0x0000000084a00000)
 Metaspace       used 21346K, capacity 21546K, committed 21936K, reserved 1069056K
  class space    used 2130K, capacity 2217K, committed 2304K, reserved 1048576K
Event: 7.619 GC heap after
Heap after GC invocations=7 (full 1):
 PSYoungGen      total 59904K, used 1310K [0x00000000d5f00000, 0x00000000da900000, 0x0000000100000000)
  eden space 58368K, 0% used [0x00000000d5f00000,0x00000000d5f00000,0x00000000d9800000)
  from space 1536K, 85% used [0x00000000da780000,0x00000000da8c7a90,0x00000000da900000)
  to   space 8192K, 0% used [0x00000000d9900000,0x00000000d9900000,0x00000000da100000)
 ParOldGen       total 47104K, used 4953K [0x0000000081c00000, 0x0000000084a00000, 0x00000000d5f00000)
  object space 47104K, 10% used [0x0000000081c00000,0x00000000820d6448,0x0000000084a00000)
 Metaspace       used 21346K, capacity 21546K, committed 21936K, reserved 1069056K
  class space    used 2130K, capacity 2217K, committed 2304K, reserved 1048576K
}

