# JRE version: Java(TM) SE Runtime Environment (8.0_66-b18) (build 1.8.0_66-b18)
# Java VM: Java HotSpot(TM) 64-Bit Server VM (25.66-b18 mixed mode windows-amd64 compressed oops)
Heap:
 PSYoungGen      total 188928K, used 70359K [0x00000000f0b80000, 0x00000000fd280000, 0x0000000100000000)
  eden space 178688K, 34% used [0x00000000f0b80000,0x00000000f46ed748,0x00000000fba00000)
  from space 10240K, 92% used [0x00000000fc580000,0x00000000fcec8820,0x00000000fcf80000)
  to   space 11776K, 0% used [0x00000000fba00000,0x00000000fba00000,0x00000000fc580000)
 ParOldGen       total 28672K, used 15111K [0x00000000d2200000, 0x00000000d3e00000, 0x00000000f0b80000)
  object space 28672K, 52% used [0x00000000d2200000,0x00000000d30c1e40,0x00000000d3e00000)
 Metaspace       used 21723K, capacity 21878K, committed 22272K, reserved 1069056K
  class space    used 2150K, capacity 2217K, committed 2304K, reserved 1048576K
GC Heap History (10 events):
Event: 8.843 GC heap before
{Heap before GC invocations=5 (full 0):
 PSYoungGen      total 50688K, used 50664K [0x00000000f0b80000, 0x00000000f3e80000, 0x0000000100000000)
  eden space 49152K, 100% used [0x00000000f0b80000,0x00000000f3b80000,0x00000000f3b80000)
  from space 1536K, 98% used [0x00000000f3d00000,0x00000000f3e7a090,0x00000000f3e80000)
  to   space 1536K, 0% used [0x00000000f3b80000,0x00000000f3b80000,0x00000000f3d00000)
 ParOldGen       total 31744K, used 4269K [0x00000000d2200000, 0x00000000d4100000, 0x00000000f0b80000)
  object space 31744K, 13% used [0x00000000d2200000,0x00000000d262b5c8,0x00000000d4100000)
 Metaspace       used 16742K, capacity 16952K, committed 17152K, reserved 1064960K
  class space    used 1882K, capacity 1961K, committed 2048K, reserved 1048576K
Event: 8.861 GC heap after
Heap after GC invocations=5 (full 0):
 PSYoungGen      total 50688K, used 1505K [0x00000000f0b80000, 0x00000000f7780000, 0x0000000100000000)
  eden space 49152K, 0% used [0x00000000f0b80000,0x00000000f0b80000,0x00000000f3b80000)
  from space 1536K, 97% used [0x00000000f3b80000,0x00000000f3cf8410,0x00000000f3d00000)
  to   space 6144K, 0% used [0x00000000f7180000,0x00000000f7180000,0x00000000f7780000)
 ParOldGen       total 31744K, used 8157K [0x00000000d2200000, 0x00000000d4100000, 0x00000000f0b80000)
  object space 31744K, 25% used [0x00000000d2200000,0x00000000d29f74e0,0x00000000d4100000)
 Metaspace       used 16742K, capacity 16952K, committed 17152K, reserved 1064960K
  class space    used 1882K, capacity 1961K, committed 2048K, reserved 1048576K
}
Event: 9.239 GC heap before
{Heap before GC invocations=6 (full 0):
 PSYoungGen      total 50688K, used 29533K [0x00000000f0b80000, 0x00000000f7780000, 0x0000000100000000)
  eden space 49152K, 57% used [0x00000000f0b80000,0x00000000f26df330,0x00000000f3b80000)
  from space 1536K, 97% used [0x00000000f3b80000,0x00000000f3cf8410,0x00000000f3d00000)
  to   space 6144K, 0% used [0x00000000f7180000,0x00000000f7180000,0x00000000f7780000)
 ParOldGen       total 31744K, used 8157K [0x00000000d2200000, 0x00000000d4100000, 0x00000000f0b80000)
  object space 31744K, 25% used [0x00000000d2200000,0x00000000d29f74e0,0x00000000d4100000)
 Metaspace       used 20877K, capacity 21014K, committed 21248K, reserved 1069056K
  class space    used 2098K, capacity 2185K, committed 2304K, reserved 1048576K
Event: 9.262 GC heap after
Heap after GC invocations=6 (full 0):
 PSYoungGen      total 104448K, used 3730K [0x00000000f0b80000, 0x00000000f7780000, 0x0000000100000000)
  eden space 98304K, 0% used [0x00000000f0b80000,0x00000000f0b80000,0x00000000f6b80000)
  from space 6144K, 60% used [0x00000000f7180000,0x00000000f7524bf0,0x00000000f7780000)
  to   space 6144K, 0% used [0x00000000f6b80000,0x00000000f6b80000,0x00000000f7180000)
 ParOldGen       total 31744K, used 8157K [0x00000000d2200000, 0x00000000d4100000, 0x00000000f0b80000)
  object space 31744K, 25% used [0x00000000d2200000,0x00000000d29f74e0,0x00000000d4100000)
 Metaspace       used 20877K, capacity 21014K, committed 21248K, reserved 1069056K
  class space    used 2098K, capacity 2185K, committed 2304K, reserved 1048576K
}
Event: 9.262 GC heap before
{Heap before GC invocations=7 (full 1):
 PSYoungGen      total 104448K, used 3730K [0x00000000f0b80000, 0x00000000f7780000, 0x0000000100000000)
  eden space 98304K, 0% used [0x00000000f0b80000,0x00000000f0b80000,0x00000000f6b80000)
  from space 6144K, 60% used [0x00000000f7180000,0x00000000f7524bf0,0x00000000f7780000)
  to   space 6144K, 0% used [0x00000000f6b80000,0x00000000f6b80000,0x00000000f7180000)
 ParOldGen       total 31744K, used 8157K [0x00000000d2200000, 0x00000000d4100000, 0x00000000f0b80000)
  object space 31744K, 25% used [0x00000000d2200000,0x00000000d29f74e0,0x00000000d4100000)
 Metaspace       used 20877K, capacity 21014K, committed 21248K, reserved 1069056K
  class space    used 2098K, capacity 2185K, committed 2304K, reserved 1048576K
Event: 9.321 GC heap after
Heap after GC invocations=7 (full 1):
 PSYoungGen      total 104448K, used 0K [0x00000000f0b80000, 0x00000000f7780000, 0x0000000100000000)
  eden space 98304K, 0% used [0x00000000f0b80000,0x00000000f0b80000,0x00000000f6b80000)
  from space 6144K, 0% used [0x00000000f7180000,0x00000000f7180000,0x00000000f7780000)
  to   space 6144K, 0% used [0x00000000f6b80000,0x00000000f6b80000,0x00000000f7180000)
 ParOldGen       total 28672K, used 9301K [0x00000000d2200000, 0x00000000d3e00000, 0x00000000f0b80000)
  object space 28672K, 32% used [0x00000000d2200000,0x00000000d2b155e8,0x00000000d3e00000)
 Metaspace       used 20877K, capacity 21014K, committed 21248K, reserved 1069056K
  class space    used 2098K, capacity 2185K, committed 2304K, reserved 1048576K
}
Event: 10.596 GC heap before
{Heap before GC invocations=8 (full 1):
 PSYoungGen      total 104448K, used 98304K [0x00000000f0b80000, 0x00000000f7780000, 0x0000000100000000)
  eden space 98304K, 100% used [0x00000000f0b80000,0x00000000f6b80000,0x00000000f6b80000)
  from space 6144K, 0% used [0x00000000f7180000,0x00000000f7180000,0x00000000f7780000)
  to   space 6144K, 0% used [0x00000000f6b80000,0x00000000f6b80000,0x00000000f7180000)
 ParOldGen       total 28672K, used 9301K [0x00000000d2200000, 0x00000000d3e00000, 0x00000000f0b80000)
  object space 28672K, 32% used [0x00000000d2200000,0x00000000d2b155e8,0x00000000d3e00000)
 Metaspace       used 21682K, capacity 21878K, committed 22272K, reserved 1069056K
  class space    used 2150K, capacity 2217K, committed 2304K, reserved 1048576K
Event: 10.634 GC heap after
Heap after GC invocations=8 (full 1):
 PSYoungGen      total 104448K, used 6132K [0x00000000f0b80000, 0x00000000fcf80000, 0x0000000100000000)
  eden space 98304K, 0% used [0x00000000f0b80000,0x00000000f0b80000,0x00000000f6b80000)
  from space 6144K, 99% used [0x00000000f6b80000,0x00000000f717d230,0x00000000f7180000)
  to   space 10240K, 0% used [0x00000000fc580000,0x00000000fc580000,0x00000000fcf80000)
 ParOldGen       total 28672K, used 15103K [0x00000000d2200000, 0x00000000d3e00000, 0x00000000f0b80000)
  object space 28672K, 52% used [0x00000000d2200000,0x00000000d30bfe40,0x00000000d3e00000)
 Metaspace       used 21682K, capacity 21878K, committed 22272K, reserved 1069056K
  class space    used 2150K, capacity 2217K, committed 2304K, reserved 1048576K
}
Event: 11.936 GC heap before
{Heap before GC invocations=9 (full 1):
 PSYoungGen      total 104448K, used 104436K [0x00000000f0b80000, 0x00000000fcf80000, 0x0000000100000000)
  eden space 98304K, 100% used [0x00000000f0b80000,0x00000000f6b80000,0x00000000f6b80000)
  from space 6144K, 99% used [0x00000000f6b80000,0x00000000f717d230,0x00000000f7180000)
  to   space 10240K, 0% used [0x00000000fc580000,0x00000000fc580000,0x00000000fcf80000)
 ParOldGen       total 28672K, used 15103K [0x00000000d2200000, 0x00000000d3e00000, 0x00000000f0b80000)
  object space 28672K, 52% used [0x00000000d2200000,0x00000000d30bfe40,0x00000000d3e00000)
 Metaspace       used 21705K, capacity 21878K, committed 22272K, reserved 1069056K
  class space    used 2150K, capacity 2217K, committed 2304K, reserved 1048576K
Event: 11.980 GC heap after
Heap after GC invocations=9 (full 1):
 PSYoungGen      total 188928K, used 9506K [0x00000000f0b80000, 0x00000000fd280000, 0x0000000100000000)
  eden space 178688K, 0% used [0x00000000f0b80000,0x00000000f0b80000,0x00000000fba00000)
  from space 10240K, 92% used [0x00000000fc580000,0x00000000fcec8820,0x00000000fcf80000)
  to   space 11776K, 0% used [0x00000000fba00000,0x00000000fba00000,0x00000000fc580000)
 ParOldGen       total 28672K, used 15111K [0x00000000d2200000, 0x00000000d3e00000, 0x00000000f0b80000)
  object space 28672K, 52% used [0x00000000d2200000,0x00000000d30c1e40,0x00000000d3e00000)
 Metaspace       used 21705K, capacity 21878K, committed 22272K, reserved 1069056K
  class space    used 2150K, capacity 2217K, committed 2304K, reserved 1048576K
}

