# JRE version: Java(TM) SE Runtime Environment (8.0_66-b18) (build 1.8.0_66-b18)
# Java VM: Java HotSpot(TM) 64-Bit Server VM (25.66-b18 mixed mode windows-amd64 compressed oops)
Heap:
 PSYoungGen      total 158720K, used 12344K [0x00000000f0b80000, 0x00000000fb580000, 0x0000000100000000)
  eden space 149504K, 2% used [0x00000000f0b80000,0x00000000f0e8e270,0x00000000f9d80000)
  from space 9216K, 100% used [0x00000000fa880000,0x00000000fb180000,0x00000000fb180000)
  to   space 11264K, 0% used [0x00000000f9d80000,0x00000000f9d80000,0x00000000fa880000)
 ParOldGen       total 24576K, used 13597K [0x00000000d2200000, 0x00000000d3a00000, 0x00000000f0b80000)
  object space 24576K, 55% used [0x00000000d2200000,0x00000000d2f47450,0x00000000d3a00000)
 Metaspace       used 21684K, capacity 21910K, committed 22192K, reserved 1069056K
  class space    used 2146K, capacity 2249K, committed 2304K, reserved 1048576K
GC Heap History (10 events):
Event: 22.458 GC heap before
{Heap before GC invocations=7 (full 0):
 PSYoungGen      total 53760K, used 43099K [0x00000000f0b80000, 0x00000000f4480000, 0x0000000100000000)
  eden space 49152K, 82% used [0x00000000f0b80000,0x00000000f3335128,0x00000000f3b80000)
  from space 4608K, 52% used [0x00000000f4000000,0x00000000f4261ae0,0x00000000f4480000)
  to   space 4608K, 0% used [0x00000000f3b80000,0x00000000f3b80000,0x00000000f4000000)
 ParOldGen       total 31744K, used 5313K [0x00000000d2200000, 0x00000000d4100000, 0x00000000f0b80000)
  object space 31744K, 16% used [0x00000000d2200000,0x00000000d2730690,0x00000000d4100000)
 Metaspace       used 20926K, capacity 21110K, committed 21296K, reserved 1069056K
  class space    used 2105K, capacity 2153K, committed 2176K, reserved 1048576K
Event: 22.481 GC heap after
Heap after GC invocations=7 (full 0):
 PSYoungGen      total 53760K, used 4587K [0x00000000f0b80000, 0x00000000f7680000, 0x0000000100000000)
  eden space 49152K, 0% used [0x00000000f0b80000,0x00000000f0b80000,0x00000000f3b80000)
  from space 4608K, 99% used [0x00000000f3b80000,0x00000000f3ffafd8,0x00000000f4000000)
  to   space 5632K, 0% used [0x00000000f7100000,0x00000000f7100000,0x00000000f7680000)
 ParOldGen       total 31744K, used 6426K [0x00000000d2200000, 0x00000000d4100000, 0x00000000f0b80000)
  object space 31744K, 20% used [0x00000000d2200000,0x00000000d2846be0,0x00000000d4100000)
 Metaspace       used 20926K, capacity 21110K, committed 21296K, reserved 1069056K
  class space    used 2105K, capacity 2153K, committed 2176K, reserved 1048576K
}
Event: 22.481 GC heap before
{Heap before GC invocations=8 (full 1):
 PSYoungGen      total 53760K, used 4587K [0x00000000f0b80000, 0x00000000f7680000, 0x0000000100000000)
  eden space 49152K, 0% used [0x00000000f0b80000,0x00000000f0b80000,0x00000000f3b80000)
  from space 4608K, 99% used [0x00000000f3b80000,0x00000000f3ffafd8,0x00000000f4000000)
  to   space 5632K, 0% used [0x00000000f7100000,0x00000000f7100000,0x00000000f7680000)
 ParOldGen       total 31744K, used 6426K [0x00000000d2200000, 0x00000000d4100000, 0x00000000f0b80000)
  object space 31744K, 20% used [0x00000000d2200000,0x00000000d2846be0,0x00000000d4100000)
 Metaspace       used 20926K, capacity 21110K, committed 21296K, reserved 1069056K
  class space    used 2105K, capacity 2153K, committed 2176K, reserved 1048576K
Event: 22.528 GC heap after
Heap after GC invocations=8 (full 1):
 PSYoungGen      total 53760K, used 0K [0x00000000f0b80000, 0x00000000f7680000, 0x0000000100000000)
  eden space 49152K, 0% used [0x00000000f0b80000,0x00000000f0b80000,0x00000000f3b80000)
  from space 4608K, 0% used [0x00000000f3b80000,0x00000000f3b80000,0x00000000f4000000)
  to   space 5632K, 0% used [0x00000000f7100000,0x00000000f7100000,0x00000000f7680000)
 ParOldGen       total 24576K, used 8954K [0x00000000d2200000, 0x00000000d3a00000, 0x00000000f0b80000)
  object space 24576K, 36% used [0x00000000d2200000,0x00000000d2abe998,0x00000000d3a00000)
 Metaspace       used 20926K, capacity 21110K, committed 21296K, reserved 1069056K
  class space    used 2105K, capacity 2153K, committed 2176K, reserved 1048576K
}
Event: 22.889 GC heap before
{Heap before GC invocations=9 (full 1):
 PSYoungGen      total 53760K, used 49152K [0x00000000f0b80000, 0x00000000f7680000, 0x0000000100000000)
  eden space 49152K, 100% used [0x00000000f0b80000,0x00000000f3b80000,0x00000000f3b80000)
  from space 4608K, 0% used [0x00000000f3b80000,0x00000000f3b80000,0x00000000f4000000)
  to   space 5632K, 0% used [0x00000000f7100000,0x00000000f7100000,0x00000000f7680000)
 ParOldGen       total 24576K, used 8954K [0x00000000d2200000, 0x00000000d3a00000, 0x00000000f0b80000)
  object space 24576K, 36% used [0x00000000d2200000,0x00000000d2abe998,0x00000000d3a00000)
 Metaspace       used 21285K, capacity 21462K, committed 21936K, reserved 1069056K
  class space    used 2125K, capacity 2185K, committed 2304K, reserved 1048576K
Event: 22.901 GC heap after
Heap after GC invocations=9 (full 1):
 PSYoungGen      total 101888K, used 5603K [0x00000000f0b80000, 0x00000000f7880000, 0x0000000100000000)
  eden space 96256K, 0% used [0x00000000f0b80000,0x00000000f0b80000,0x00000000f6980000)
  from space 5632K, 99% used [0x00000000f7100000,0x00000000f7678d28,0x00000000f7680000)
  to   space 7680K, 0% used [0x00000000f6980000,0x00000000f6980000,0x00000000f7100000)
 ParOldGen       total 24576K, used 11045K [0x00000000d2200000, 0x00000000d3a00000, 0x00000000f0b80000)
  object space 24576K, 44% used [0x00000000d2200000,0x00000000d2cc9450,0x00000000d3a00000)
 Metaspace       used 21285K, capacity 21462K, committed 21936K, reserved 1069056K
  class space    used 2125K, capacity 2185K, committed 2304K, reserved 1048576K
}
Event: 24.608 GC heap before
{Heap before GC invocations=10 (full 1):
 PSYoungGen      total 101888K, used 101859K [0x00000000f0b80000, 0x00000000f7880000, 0x0000000100000000)
  eden space 96256K, 100% used [0x00000000f0b80000,0x00000000f6980000,0x00000000f6980000)
  from space 5632K, 99% used [0x00000000f7100000,0x00000000f7678d28,0x00000000f7680000)
  to   space 7680K, 0% used [0x00000000f6980000,0x00000000f6980000,0x00000000f7100000)
 ParOldGen       total 24576K, used 11045K [0x00000000d2200000, 0x00000000d3a00000, 0x00000000f0b80000)
  object space 24576K, 44% used [0x00000000d2200000,0x00000000d2cc9450,0x00000000d3a00000)
 Metaspace       used 21679K, capacity 21910K, committed 22192K, reserved 1069056K
  class space    used 2146K, capacity 2249K, committed 2304K, reserved 1048576K
Event: 24.668 GC heap after
Heap after GC invocations=10 (full 1):
 PSYoungGen      total 103936K, used 7674K [0x00000000f0b80000, 0x00000000fb180000, 0x0000000100000000)
  eden space 96256K, 0% used [0x00000000f0b80000,0x00000000f0b80000,0x00000000f6980000)
  from space 7680K, 99% used [0x00000000f6980000,0x00000000f70fe820,0x00000000f7100000)
  to   space 9216K, 0% used [0x00000000fa880000,0x00000000fa880000,0x00000000fb180000)
 ParOldGen       total 24576K, used 12501K [0x00000000d2200000, 0x00000000d3a00000, 0x00000000f0b80000)
  object space 24576K, 50% used [0x00000000d2200000,0x00000000d2e35450,0x00000000d3a00000)
 Metaspace       used 21679K, capacity 21910K, committed 22192K, reserved 1069056K
  class space    used 2146K, capacity 2249K, committed 2304K, reserved 1048576K
}
Event: 25.665 GC heap before
{Heap before GC invocations=11 (full 1):
 PSYoungGen      total 103936K, used 103930K [0x00000000f0b80000, 0x00000000fb180000, 0x0000000100000000)
  eden space 96256K, 100% used [0x00000000f0b80000,0x00000000f6980000,0x00000000f6980000)
  from space 7680K, 99% used [0x00000000f6980000,0x00000000f70fe820,0x00000000f7100000)
  to   space 9216K, 0% used [0x00000000fa880000,0x00000000fa880000,0x00000000fb180000)
 ParOldGen       total 24576K, used 12501K [0x00000000d2200000, 0x00000000d3a00000, 0x00000000f0b80000)
  object space 24576K, 50% used [0x00000000d2200000,0x00000000d2e35450,0x00000000d3a00000)
 Metaspace       used 21683K, capacity 21910K, committed 22192K, reserved 1069056K
  class space    used 2146K, capacity 2249K, committed 2304K, reserved 1048576K
Event: 25.710 GC heap after
Heap after GC invocations=11 (full 1):
 PSYoungGen      total 158720K, used 9216K [0x00000000f0b80000, 0x00000000fb580000, 0x0000000100000000)
  eden space 149504K, 0% used [0x00000000f0b80000,0x00000000f0b80000,0x00000000f9d80000)
  from space 9216K, 100% used [0x00000000fa880000,0x00000000fb180000,0x00000000fb180000)
  to   space 11264K, 0% used [0x00000000f9d80000,0x00000000f9d80000,0x00000000fa880000)
 ParOldGen       total 24576K, used 13597K [0x00000000d2200000, 0x00000000d3a00000, 0x00000000f0b80000)
  object space 24576K, 55% used [0x00000000d2200000,0x00000000d2f47450,0x00000000d3a00000)
 Metaspace       used 21683K, capacity 21910K, committed 22192K, reserved 1069056K
  class space    used 2146K, capacity 2249K, committed 2304K, reserved 1048576K
}

