# JRE version: Java(TM) SE Runtime Environment (8.0_66-b18) (build 1.8.0_66-b18)
# Java VM: Java HotSpot(TM) 64-Bit Server VM (25.66-b18 mixed mode windows-amd64 compressed oops)
Heap:
 PSYoungGen      total 215552K, used 32840K [0x00000000f0b80000, 0x0000000100000000, 0x0000000100000000)
  eden space 181760K, 17% used [0x00000000f0b80000,0x00000000f2a659a8,0x00000000fbd00000)
  from space 33792K, 3% used [0x00000000fde00000,0x00000000fdf2c660,0x00000000fff00000)
  to   space 33792K, 0% used [0x00000000fbd00000,0x00000000fbd00000,0x00000000fde00000)
 ParOldGen       total 44544K, used 25822K [0x00000000d2200000, 0x00000000d4d80000, 0x00000000f0b80000)
  object space 44544K, 57% used [0x00000000d2200000,0x00000000d3b379d8,0x00000000d4d80000)
 Metaspace       used 26995K, capacity 27198K, committed 27520K, reserved 1073152K
  class space    used 2817K, capacity 2905K, committed 2944K, reserved 1048576K
GC Heap History (10 events):
Event: 25.234 GC heap before
{Heap before GC invocations=16 (full 2):
 PSYoungGen      total 223232K, used 223161K [0x00000000f0b80000, 0x0000000100000000, 0x0000000100000000)
  eden space 201216K, 100% used [0x00000000f0b80000,0x00000000fd000000,0x00000000fd000000)
  from space 22016K, 99% used [0x00000000fd000000,0x00000000fe56e5c0,0x00000000fe580000)
  to   space 27136K, 0% used [0x00000000fe580000,0x00000000fe580000,0x0000000100000000)
 ParOldGen       total 44544K, used 18908K [0x00000000d2200000, 0x00000000d4d80000, 0x00000000f0b80000)
  object space 44544K, 42% used [0x00000000d2200000,0x00000000d3477210,0x00000000d4d80000)
 Metaspace       used 22079K, capacity 22278K, committed 22528K, reserved 1069056K
  class space    used 2166K, capacity 2249K, committed 2304K, reserved 1048576K
Event: 25.262 GC heap after
Heap after GC invocations=16 (full 2):
 PSYoungGen      total 214016K, used 26189K [0x00000000f0b80000, 0x0000000100000000, 0x0000000100000000)
  eden space 186880K, 0% used [0x00000000f0b80000,0x00000000f0b80000,0x00000000fc200000)
  from space 27136K, 96% used [0x00000000fe580000,0x00000000fff135d0,0x0000000100000000)
  to   space 31744K, 0% used [0x00000000fc200000,0x00000000fc200000,0x00000000fe100000)
 ParOldGen       total 44544K, used 19465K [0x00000000d2200000, 0x00000000d4d80000, 0x00000000f0b80000)
  object space 44544K, 43% used [0x00000000d2200000,0x00000000d3502538,0x00000000d4d80000)
 Metaspace       used 22079K, capacity 22278K, committed 22528K, reserved 1069056K
  class space    used 2166K, capacity 2249K, committed 2304K, reserved 1048576K
}
Event: 26.144 GC heap before
{Heap before GC invocations=17 (full 2):
 PSYoungGen      total 214016K, used 213069K [0x00000000f0b80000, 0x0000000100000000, 0x0000000100000000)
  eden space 186880K, 100% used [0x00000000f0b80000,0x00000000fc200000,0x00000000fc200000)
  from space 27136K, 96% used [0x00000000fe580000,0x00000000fff135d0,0x0000000100000000)
  to   space 31744K, 0% used [0x00000000fc200000,0x00000000fc200000,0x00000000fe100000)
 ParOldGen       total 44544K, used 19465K [0x00000000d2200000, 0x00000000d4d80000, 0x00000000f0b80000)
  object space 44544K, 43% used [0x00000000d2200000,0x00000000d3502538,0x00000000d4d80000)
 Metaspace       used 22085K, capacity 22278K, committed 22528K, reserved 1069056K
  class space    used 2166K, capacity 2249K, committed 2304K, reserved 1048576K
Event: 26.173 GC heap after
Heap after GC invocations=17 (full 2):
 PSYoungGen      total 213504K, used 26170K [0x00000000f0b80000, 0x0000000100000000, 0x0000000100000000)
  eden space 186880K, 0% used [0x00000000f0b80000,0x00000000f0b80000,0x00000000fc200000)
  from space 26624K, 98% used [0x00000000fc200000,0x00000000fdb8eb00,0x00000000fdc00000)
  to   space 34816K, 0% used [0x00000000fde00000,0x00000000fde00000,0x0000000100000000)
 ParOldGen       total 44544K, used 20529K [0x00000000d2200000, 0x00000000d4d80000, 0x00000000f0b80000)
  object space 44544K, 46% used [0x00000000d2200000,0x00000000d360c538,0x00000000d4d80000)
 Metaspace       used 22085K, capacity 22278K, committed 22528K, reserved 1069056K
  class space    used 2166K, capacity 2249K, committed 2304K, reserved 1048576K
}
Event: 27.048 GC heap before
{Heap before GC invocations=18 (full 2):
 PSYoungGen      total 213504K, used 213050K [0x00000000f0b80000, 0x0000000100000000, 0x0000000100000000)
  eden space 186880K, 100% used [0x00000000f0b80000,0x00000000fc200000,0x00000000fc200000)
  from space 26624K, 98% used [0x00000000fc200000,0x00000000fdb8eb00,0x00000000fdc00000)
  to   space 34816K, 0% used [0x00000000fde00000,0x00000000fde00000,0x0000000100000000)
 ParOldGen       total 44544K, used 20529K [0x00000000d2200000, 0x00000000d4d80000, 0x00000000f0b80000)
  object space 44544K, 46% used [0x00000000d2200000,0x00000000d360c538,0x00000000d4d80000)
 Metaspace       used 22875K, capacity 23084K, committed 23424K, reserved 1071104K
  class space    used 2252K, capacity 2346K, committed 2432K, reserved 1048576K
Event: 27.059 GC heap after
Heap after GC invocations=18 (full 2):
 PSYoungGen      total 216576K, used 7500K [0x00000000f0b80000, 0x0000000100000000, 0x0000000100000000)
  eden space 181760K, 0% used [0x00000000f0b80000,0x00000000f0b80000,0x00000000fbd00000)
  from space 34816K, 21% used [0x00000000fde00000,0x00000000fe5531a0,0x0000000100000000)
  to   space 33792K, 0% used [0x00000000fbd00000,0x00000000fbd00000,0x00000000fde00000)
 ParOldGen       total 44544K, used 21697K [0x00000000d2200000, 0x00000000d4d80000, 0x00000000f0b80000)
  object space 44544K, 48% used [0x00000000d2200000,0x00000000d3730548,0x00000000d4d80000)
 Metaspace       used 22875K, capacity 23084K, committed 23424K, reserved 1071104K
  class space    used 2252K, capacity 2346K, committed 2432K, reserved 1048576K
}
Event: 31.051 GC heap before
{Heap before GC invocations=19 (full 2):
 PSYoungGen      total 216576K, used 188940K [0x00000000f0b80000, 0x0000000100000000, 0x0000000100000000)
  eden space 181760K, 99% used [0x00000000f0b80000,0x00000000fbcaffb0,0x00000000fbd00000)
  from space 34816K, 21% used [0x00000000fde00000,0x00000000fe5531a0,0x0000000100000000)
  to   space 33792K, 0% used [0x00000000fbd00000,0x00000000fbd00000,0x00000000fde00000)
 ParOldGen       total 44544K, used 21697K [0x00000000d2200000, 0x00000000d4d80000, 0x00000000f0b80000)
  object space 44544K, 48% used [0x00000000d2200000,0x00000000d3730548,0x00000000d4d80000)
 Metaspace       used 26790K, capacity 27002K, committed 27264K, reserved 1073152K
  class space    used 2813K, capacity 2905K, committed 2944K, reserved 1048576K
Event: 31.077 GC heap after
Heap after GC invocations=19 (full 2):
 PSYoungGen      total 215552K, used 18399K [0x00000000f0b80000, 0x00000000fff00000, 0x0000000100000000)
  eden space 181760K, 0% used [0x00000000f0b80000,0x00000000f0b80000,0x00000000fbd00000)
  from space 33792K, 54% used [0x00000000fbd00000,0x00000000fcef7f18,0x00000000fde00000)
  to   space 33792K, 0% used [0x00000000fde00000,0x00000000fde00000,0x00000000fff00000)
 ParOldGen       total 44544K, used 22805K [0x00000000d2200000, 0x00000000d4d80000, 0x00000000f0b80000)
  object space 44544K, 51% used [0x00000000d2200000,0x00000000d3845558,0x00000000d4d80000)
 Metaspace       used 26790K, capacity 27002K, committed 27264K, reserved 1073152K
  class space    used 2813K, capacity 2905K, committed 2944K, reserved 1048576K
}
Event: 36.410 GC heap before
{Heap before GC invocations=20 (full 2):
 PSYoungGen      total 215552K, used 199991K [0x00000000f0b80000, 0x00000000fff00000, 0x0000000100000000)
  eden space 181760K, 99% used [0x00000000f0b80000,0x00000000fbcd5db8,0x00000000fbd00000)
  from space 33792K, 54% used [0x00000000fbd00000,0x00000000fcef7f18,0x00000000fde00000)
  to   space 33792K, 0% used [0x00000000fde00000,0x00000000fde00000,0x00000000fff00000)
 ParOldGen       total 44544K, used 22805K [0x00000000d2200000, 0x00000000d4d80000, 0x00000000f0b80000)
  object space 44544K, 51% used [0x00000000d2200000,0x00000000d3845558,0x00000000d4d80000)
 Metaspace       used 26937K, capacity 27134K, committed 27520K, reserved 1073152K
  class space    used 2813K, capacity 2905K, committed 2944K, reserved 1048576K
Event: 36.414 GC heap after
Heap after GC invocations=20 (full 2):
 PSYoungGen      total 215552K, used 1201K [0x00000000f0b80000, 0x0000000100000000, 0x0000000100000000)
  eden space 181760K, 0% used [0x00000000f0b80000,0x00000000f0b80000,0x00000000fbd00000)
  from space 33792K, 3% used [0x00000000fde00000,0x00000000fdf2c660,0x00000000fff00000)
  to   space 33792K, 0% used [0x00000000fbd00000,0x00000000fbd00000,0x00000000fde00000)
 ParOldGen       total 44544K, used 25822K [0x00000000d2200000, 0x00000000d4d80000, 0x00000000f0b80000)
  object space 44544K, 57% used [0x00000000d2200000,0x00000000d3b379d8,0x00000000d4d80000)
 Metaspace       used 26937K, capacity 27134K, committed 27520K, reserved 1073152K
  class space    used 2813K, capacity 2905K, committed 2944K, reserved 1048576K
}

