# JRE version: Java(TM) SE Runtime Environment (8.0_72-b15) (build 1.8.0_72-b15)
# Java VM: Java HotSpot(TM) 64-Bit Server VM (25.72-b15 mixed mode linux-amd64 compressed oops)
Heap:
 PSYoungGen      total 136192K, used 2302K [0x00000000d6600000, 0x00000000df000000, 0x0000000100000000)
  eden space 131072K, 1% used [0x00000000d6600000,0x00000000d683fac0,0x00000000de600000)
  from space 5120K, 0% used [0x00000000de600000,0x00000000de600000,0x00000000deb00000)
  to   space 5120K, 0% used [0x00000000deb00000,0x00000000deb00000,0x00000000df000000)
 ParOldGen       total 86016K, used 3622K [0x0000000083200000, 0x0000000088600000, 0x00000000d6600000)
  object space 86016K, 4% used [0x0000000083200000,0x0000000083589a80,0x0000000088600000)
 Metaspace       used 18612K, capacity 18777K, committed 18944K, reserved 1067008K
  class space    used 1974K, capacity 2040K, committed 2048K, reserved 1048576K
GC Heap History (10 events):
Event: 3.189 GC heap before
{Heap before GC invocations=3 (full 0):
 PSYoungGen      total 70656K, used 68676K [0x00000000d6600000, 0x00000000db000000, 0x0000000100000000)
  eden space 65536K, 100% used [0x00000000d6600000,0x00000000da600000,0x00000000da600000)
  from space 5120K, 61% used [0x00000000dab00000,0x00000000dae111c8,0x00000000db000000)
  to   space 5120K, 0% used [0x00000000da600000,0x00000000da600000,0x00000000dab00000)
 ParOldGen       total 86016K, used 16K [0x0000000083200000, 0x0000000088600000, 0x00000000d6600000)
  object space 86016K, 0% used [0x0000000083200000,0x0000000083204000,0x0000000088600000)
 Metaspace       used 17230K, capacity 17401K, committed 17664K, reserved 1064960K
  class space    used 1861K, capacity 1944K, committed 2048K, reserved 1048576K
Event: 3.208 GC heap after
Heap after GC invocations=3 (full 0):
 PSYoungGen      total 70656K, used 5088K [0x00000000d6600000, 0x00000000df000000, 0x0000000100000000)
  eden space 65536K, 0% used [0x00000000d6600000,0x00000000d6600000,0x00000000da600000)
  from space 5120K, 99% used [0x00000000da600000,0x00000000daaf8068,0x00000000dab00000)
  to   space 5120K, 0% used [0x00000000deb00000,0x00000000deb00000,0x00000000df000000)
 ParOldGen       total 86016K, used 4889K [0x0000000083200000, 0x0000000088600000, 0x00000000d6600000)
  object space 86016K, 5% used [0x0000000083200000,0x00000000836c65a8,0x0000000088600000)
 Metaspace       used 17230K, capacity 17401K, committed 17664K, reserved 1064960K
  class space    used 1861K, capacity 1944K, committed 2048K, reserved 1048576K
}
Event: 4.041 GC heap before
{Heap before GC invocations=4 (full 0):
 PSYoungGen      total 70656K, used 20143K [0x00000000d6600000, 0x00000000df000000, 0x0000000100000000)
  eden space 65536K, 22% used [0x00000000d6600000,0x00000000d74b3c78,0x00000000da600000)
  from space 5120K, 99% used [0x00000000da600000,0x00000000daaf8068,0x00000000dab00000)
  to   space 5120K, 0% used [0x00000000deb00000,0x00000000deb00000,0x00000000df000000)
 ParOldGen       total 86016K, used 4889K [0x0000000083200000, 0x0000000088600000, 0x00000000d6600000)
  object space 86016K, 5% used [0x0000000083200000,0x00000000836c65a8,0x0000000088600000)
 Metaspace       used 18173K, capacity 18297K, committed 18432K, reserved 1064960K
  class space    used 1940K, capacity 2008K, committed 2048K, reserved 1048576K
Event: 4.055 GC heap after
Heap after GC invocations=4 (full 0):
 PSYoungGen      total 136192K, used 3723K [0x00000000d6600000, 0x00000000df000000, 0x0000000100000000)
  eden space 131072K, 0% used [0x00000000d6600000,0x00000000d6600000,0x00000000de600000)
  from space 5120K, 72% used [0x00000000deb00000,0x00000000deea2e20,0x00000000df000000)
  to   space 5120K, 0% used [0x00000000de600000,0x00000000de600000,0x00000000deb00000)
 ParOldGen       total 86016K, used 4897K [0x0000000083200000, 0x0000000088600000, 0x00000000d6600000)
  object space 86016K, 5% used [0x0000000083200000,0x00000000836c85a8,0x0000000088600000)
 Metaspace       used 18173K, capacity 18297K, committed 18432K, reserved 1064960K
  class space    used 1940K, capacity 2008K, committed 2048K, reserved 1048576K
}
Event: 4.055 GC heap before
{Heap before GC invocations=5 (full 1):
 PSYoungGen      total 136192K, used 3723K [0x00000000d6600000, 0x00000000df000000, 0x0000000100000000)
  eden space 131072K, 0% used [0x00000000d6600000,0x00000000d6600000,0x00000000de600000)
  from space 5120K, 72% used [0x00000000deb00000,0x00000000deea2e20,0x00000000df000000)
  to   space 5120K, 0% used [0x00000000de600000,0x00000000de600000,0x00000000deb00000)
 ParOldGen       total 86016K, used 4897K [0x0000000083200000, 0x0000000088600000, 0x00000000d6600000)
  object space 86016K, 5% used [0x0000000083200000,0x00000000836c85a8,0x0000000088600000)
 Metaspace       used 18173K, capacity 18297K, committed 18432K, reserved 1064960K
  class space    used 1940K, capacity 2008K, committed 2048K, reserved 1048576K
Event: 4.091 GC heap after
Heap after GC invocations=5 (full 1):
 PSYoungGen      total 136192K, used 0K [0x00000000d6600000, 0x00000000df000000, 0x0000000100000000)
  eden space 131072K, 0% used [0x00000000d6600000,0x00000000d6600000,0x00000000de600000)
  from space 5120K, 0% used [0x00000000deb00000,0x00000000deb00000,0x00000000df000000)
  to   space 5120K, 0% used [0x00000000de600000,0x00000000de600000,0x00000000deb00000)
 ParOldGen       total 86016K, used 3579K [0x0000000083200000, 0x0000000088600000, 0x00000000d6600000)
  object space 86016K, 4% used [0x0000000083200000,0x000000008357efb0,0x0000000088600000)
 Metaspace       used 18173K, capacity 18297K, committed 18432K, reserved 1064960K
  class space    used 1940K, capacity 2008K, committed 2048K, reserved 1048576K
}
Event: 4.192 GC heap before
{Heap before GC invocations=6 (full 1):
 PSYoungGen      total 136192K, used 12194K [0x00000000d6600000, 0x00000000df000000, 0x0000000100000000)
  eden space 131072K, 9% used [0x00000000d6600000,0x00000000d71e8b80,0x00000000de600000)
  from space 5120K, 0% used [0x00000000deb00000,0x00000000deb00000,0x00000000df000000)
  to   space 5120K, 0% used [0x00000000de600000,0x00000000de600000,0x00000000deb00000)
 ParOldGen       total 86016K, used 3579K [0x0000000083200000, 0x0000000088600000, 0x00000000d6600000)
  object space 86016K, 4% used [0x0000000083200000,0x000000008357efb0,0x0000000088600000)
 Metaspace       used 18612K, capacity 18777K, committed 18944K, reserved 1067008K
  class space    used 1974K, capacity 2040K, committed 2048K, reserved 1048576K
Event: 4.194 GC heap after
Heap after GC invocations=6 (full 1):
 PSYoungGen      total 136192K, used 414K [0x00000000d6600000, 0x00000000df000000, 0x0000000100000000)
  eden space 131072K, 0% used [0x00000000d6600000,0x00000000d6600000,0x00000000de600000)
  from space 5120K, 8% used [0x00000000de600000,0x00000000de6679b8,0x00000000deb00000)
  to   space 5120K, 0% used [0x00000000deb00000,0x00000000deb00000,0x00000000df000000)
 ParOldGen       total 86016K, used 3587K [0x0000000083200000, 0x0000000088600000, 0x00000000d6600000)
  object space 86016K, 4% used [0x0000000083200000,0x0000000083580fb0,0x0000000088600000)
 Metaspace       used 18612K, capacity 18777K, committed 18944K, reserved 1067008K
  class space    used 1974K, capacity 2040K, committed 2048K, reserved 1048576K
}
Event: 4.194 GC heap before
{Heap before GC invocations=7 (full 2):
 PSYoungGen      total 136192K, used 414K [0x00000000d6600000, 0x00000000df000000, 0x0000000100000000)
  eden space 131072K, 0% used [0x00000000d6600000,0x00000000d6600000,0x00000000de600000)
  from space 5120K, 8% used [0x00000000de600000,0x00000000de6679b8,0x00000000deb00000)
  to   space 5120K, 0% used [0x00000000deb00000,0x00000000deb00000,0x00000000df000000)
 ParOldGen       total 86016K, used 3587K [0x0000000083200000, 0x0000000088600000, 0x00000000d6600000)
  object space 86016K, 4% used [0x0000000083200000,0x0000000083580fb0,0x0000000088600000)
 Metaspace       used 18612K, capacity 18777K, committed 18944K, reserved 1067008K
  class space    used 1974K, capacity 2040K, committed 2048K, reserved 1048576K
Event: 4.249 GC heap after
Heap after GC invocations=7 (full 2):
 PSYoungGen      total 136192K, used 0K [0x00000000d6600000, 0x00000000df000000, 0x0000000100000000)
  eden space 131072K, 0% used [0x00000000d6600000,0x00000000d6600000,0x00000000de600000)
  from space 5120K, 0% used [0x00000000de600000,0x00000000de600000,0x00000000deb00000)
  to   space 5120K, 0% used [0x00000000deb00000,0x00000000deb00000,0x00000000df000000)
 ParOldGen       total 86016K, used 3622K [0x0000000083200000, 0x0000000088600000, 0x00000000d6600000)
  object space 86016K, 4% used [0x0000000083200000,0x0000000083589a80,0x0000000088600000)
 Metaspace       used 18612K, capacity 18777K, committed 18944K, reserved 1067008K
  class space    used 1974K, capacity 2040K, committed 2048K, reserved 1048576K
}

