# JRE version: Java(TM) SE Runtime Environment (8.0_66-b18) (build 1.8.0_66-b18)
# Java VM: Java HotSpot(TM) 64-Bit Server VM (25.66-b18 mixed mode windows-amd64 compressed oops)
Heap:
 PSYoungGen      total 86528K, used 37295K [0x00000000f0b80000, 0x00000000f6800000, 0x0000000100000000)
  eden space 80384K, 40% used [0x00000000f0b80000,0x00000000f2b23928,0x00000000f5a00000)
  from space 6144K, 79% used [0x00000000f6080000,0x00000000f6548410,0x00000000f6680000)
  to   space 6656K, 0% used [0x00000000f5a00000,0x00000000f5a00000,0x00000000f6080000)
 ParOldGen       total 23040K, used 8490K [0x00000000d2200000, 0x00000000d3880000, 0x00000000f0b80000)
  object space 23040K, 36% used [0x00000000d2200000,0x00000000d2a4abf0,0x00000000d3880000)
 Metaspace       used 21666K, capacity 21878K, committed 22272K, reserved 1069056K
  class space    used 2148K, capacity 2217K, committed 2304K, reserved 1048576K
GC Heap History (10 events):
Event: 12.701 GC heap before
{Heap before GC invocations=11 (full 1):
 PSYoungGen      total 41984K, used 2186K [0x00000000f0b80000, 0x00000000f3880000, 0x0000000100000000)
  eden space 37888K, 0% used [0x00000000f0b80000,0x00000000f0b80000,0x00000000f3080000)
  from space 4096K, 53% used [0x00000000f3480000,0x00000000f36a2a20,0x00000000f3880000)
  to   space 4096K, 0% used [0x00000000f3080000,0x00000000f3080000,0x00000000f3480000)
 ParOldGen       total 31744K, used 5054K [0x00000000d2200000, 0x00000000d4100000, 0x00000000f0b80000)
  object space 31744K, 15% used [0x00000000d2200000,0x00000000d26ef920,0x00000000d4100000)
 Metaspace       used 20856K, capacity 21014K, committed 21248K, reserved 1069056K
  class space    used 2095K, capacity 2185K, committed 2304K, reserved 1048576K
Event: 12.846 GC heap after
Heap after GC invocations=11 (full 1):
 PSYoungGen      total 41984K, used 0K [0x00000000f0b80000, 0x00000000f3880000, 0x0000000100000000)
  eden space 37888K, 0% used [0x00000000f0b80000,0x00000000f0b80000,0x00000000f3080000)
  from space 4096K, 0% used [0x00000000f3480000,0x00000000f3480000,0x00000000f3880000)
  to   space 4096K, 0% used [0x00000000f3080000,0x00000000f3080000,0x00000000f3480000)
 ParOldGen       total 23040K, used 5546K [0x00000000d2200000, 0x00000000d3880000, 0x00000000f0b80000)
  object space 23040K, 24% used [0x00000000d2200000,0x00000000d276a820,0x00000000d3880000)
 Metaspace       used 20856K, capacity 21014K, committed 21248K, reserved 1069056K
  class space    used 2095K, capacity 2185K, committed 2304K, reserved 1048576K
}
Event: 13.214 GC heap before
{Heap before GC invocations=12 (full 1):
 PSYoungGen      total 41984K, used 37888K [0x00000000f0b80000, 0x00000000f3880000, 0x0000000100000000)
  eden space 37888K, 100% used [0x00000000f0b80000,0x00000000f3080000,0x00000000f3080000)
  from space 4096K, 0% used [0x00000000f3480000,0x00000000f3480000,0x00000000f3880000)
  to   space 4096K, 0% used [0x00000000f3080000,0x00000000f3080000,0x00000000f3480000)
 ParOldGen       total 23040K, used 5546K [0x00000000d2200000, 0x00000000d3880000, 0x00000000f0b80000)
  object space 23040K, 24% used [0x00000000d2200000,0x00000000d276a820,0x00000000d3880000)
 Metaspace       used 21226K, capacity 21430K, committed 21760K, reserved 1069056K
  class space    used 2128K, capacity 2217K, committed 2304K, reserved 1048576K
Event: 13.222 GC heap after
Heap after GC invocations=12 (full 1):
 PSYoungGen      total 41984K, used 4090K [0x00000000f0b80000, 0x00000000f4b00000, 0x0000000100000000)
  eden space 37888K, 0% used [0x00000000f0b80000,0x00000000f0b80000,0x00000000f3080000)
  from space 4096K, 99% used [0x00000000f3080000,0x00000000f347eb88,0x00000000f3480000)
  to   space 5120K, 0% used [0x00000000f4600000,0x00000000f4600000,0x00000000f4b00000)
 ParOldGen       total 23040K, used 7695K [0x00000000d2200000, 0x00000000d3880000, 0x00000000f0b80000)
  object space 23040K, 33% used [0x00000000d2200000,0x00000000d2983d48,0x00000000d3880000)
 Metaspace       used 21226K, capacity 21430K, committed 21760K, reserved 1069056K
  class space    used 2128K, capacity 2217K, committed 2304K, reserved 1048576K
}
Event: 13.896 GC heap before
{Heap before GC invocations=13 (full 1):
 PSYoungGen      total 41984K, used 41978K [0x00000000f0b80000, 0x00000000f4b00000, 0x0000000100000000)
  eden space 37888K, 100% used [0x00000000f0b80000,0x00000000f3080000,0x00000000f3080000)
  from space 4096K, 99% used [0x00000000f3080000,0x00000000f347eb88,0x00000000f3480000)
  to   space 5120K, 0% used [0x00000000f4600000,0x00000000f4600000,0x00000000f4b00000)
 ParOldGen       total 23040K, used 7695K [0x00000000d2200000, 0x00000000d3880000, 0x00000000f0b80000)
  object space 23040K, 33% used [0x00000000d2200000,0x00000000d2983d48,0x00000000d3880000)
 Metaspace       used 21657K, capacity 21878K, committed 22272K, reserved 1069056K
  class space    used 2148K, capacity 2217K, committed 2304K, reserved 1048576K
Event: 13.954 GC heap after
Heap after GC invocations=13 (full 1):
 PSYoungGen      total 59392K, used 4895K [0x00000000f0b80000, 0x00000000f4e00000, 0x0000000100000000)
  eden space 54272K, 0% used [0x00000000f0b80000,0x00000000f0b80000,0x00000000f4080000)
  from space 5120K, 95% used [0x00000000f4600000,0x00000000f4ac7dc0,0x00000000f4b00000)
  to   space 5632K, 0% used [0x00000000f4080000,0x00000000f4080000,0x00000000f4600000)
 ParOldGen       total 23040K, used 8394K [0x00000000d2200000, 0x00000000d3880000, 0x00000000f0b80000)
  object space 23040K, 36% used [0x00000000d2200000,0x00000000d2a32bf0,0x00000000d3880000)
 Metaspace       used 21657K, capacity 21878K, committed 22272K, reserved 1069056K
  class space    used 2148K, capacity 2217K, committed 2304K, reserved 1048576K
}
Event: 14.841 GC heap before
{Heap before GC invocations=14 (full 1):
 PSYoungGen      total 59392K, used 59167K [0x00000000f0b80000, 0x00000000f4e00000, 0x0000000100000000)
  eden space 54272K, 100% used [0x00000000f0b80000,0x00000000f4080000,0x00000000f4080000)
  from space 5120K, 95% used [0x00000000f4600000,0x00000000f4ac7dc0,0x00000000f4b00000)
  to   space 5632K, 0% used [0x00000000f4080000,0x00000000f4080000,0x00000000f4600000)
 ParOldGen       total 23040K, used 8394K [0x00000000d2200000, 0x00000000d3880000, 0x00000000f0b80000)
  object space 23040K, 36% used [0x00000000d2200000,0x00000000d2a32bf0,0x00000000d3880000)
 Metaspace       used 21659K, capacity 21878K, committed 22272K, reserved 1069056K
  class space    used 2148K, capacity 2217K, committed 2304K, reserved 1048576K
Event: 14.863 GC heap after
Heap after GC invocations=14 (full 1):
 PSYoungGen      total 59904K, used 4897K [0x00000000f0b80000, 0x00000000f6680000, 0x0000000100000000)
  eden space 54272K, 0% used [0x00000000f0b80000,0x00000000f0b80000,0x00000000f4080000)
  from space 5632K, 86% used [0x00000000f4080000,0x00000000f4548410,0x00000000f4600000)
  to   space 6144K, 0% used [0x00000000f6080000,0x00000000f6080000,0x00000000f6680000)
 ParOldGen       total 23040K, used 8458K [0x00000000d2200000, 0x00000000d3880000, 0x00000000f0b80000)
  object space 23040K, 36% used [0x00000000d2200000,0x00000000d2a42bf0,0x00000000d3880000)
 Metaspace       used 21659K, capacity 21878K, committed 22272K, reserved 1069056K
  class space    used 2148K, capacity 2217K, committed 2304K, reserved 1048576K
}
Event: 15.579 GC heap before
{Heap before GC invocations=15 (full 1):
 PSYoungGen      total 59904K, used 59169K [0x00000000f0b80000, 0x00000000f6680000, 0x0000000100000000)
  eden space 54272K, 100% used [0x00000000f0b80000,0x00000000f4080000,0x00000000f4080000)
  from space 5632K, 86% used [0x00000000f4080000,0x00000000f4548410,0x00000000f4600000)
  to   space 6144K, 0% used [0x00000000f6080000,0x00000000f6080000,0x00000000f6680000)
 ParOldGen       total 23040K, used 8458K [0x00000000d2200000, 0x00000000d3880000, 0x00000000f0b80000)
  object space 23040K, 36% used [0x00000000d2200000,0x00000000d2a42bf0,0x00000000d3880000)
 Metaspace       used 21661K, capacity 21878K, committed 22272K, reserved 1069056K
  class space    used 2148K, capacity 2217K, committed 2304K, reserved 1048576K
Event: 15.614 GC heap after
Heap after GC invocations=15 (full 1):
 PSYoungGen      total 86528K, used 4897K [0x00000000f0b80000, 0x00000000f6800000, 0x0000000100000000)
  eden space 80384K, 0% used [0x00000000f0b80000,0x00000000f0b80000,0x00000000f5a00000)
  from space 6144K, 79% used [0x00000000f6080000,0x00000000f6548410,0x00000000f6680000)
  to   space 6656K, 0% used [0x00000000f5a00000,0x00000000f5a00000,0x00000000f6080000)
 ParOldGen       total 23040K, used 8490K [0x00000000d2200000, 0x00000000d3880000, 0x00000000f0b80000)
  object space 23040K, 36% used [0x00000000d2200000,0x00000000d2a4abf0,0x00000000d3880000)
 Metaspace       used 21661K, capacity 21878K, committed 22272K, reserved 1069056K
  class space    used 2148K, capacity 2217K, committed 2304K, reserved 1048576K
}

