# JRE version: Java(TM) SE Runtime Environment (8.0_66-b18) (build 1.8.0_66-b18)
# Java VM: Java HotSpot(TM) 64-Bit Server VM (25.66-b18 mixed mode windows-amd64 compressed oops)
Heap:
 PSYoungGen      total 20992K, used 14561K [0x00000000f0b80000, 0x00000000f2f00000, 0x0000000100000000)
  eden space 20480K, 69% used [0x00000000f0b80000,0x00000000f19603b8,0x00000000f1f80000)
  from space 512K, 68% used [0x00000000f2e80000,0x00000000f2ed8410,0x00000000f2f00000)
  to   space 4608K, 0% used [0x00000000f2600000,0x00000000f2600000,0x00000000f2a80000)
 ParOldGen       total 20480K, used 6731K [0x00000000d2200000, 0x00000000d3600000, 0x00000000f0b80000)
  object space 20480K, 32% used [0x00000000d2200000,0x00000000d2892ec8,0x00000000d3600000)
 Metaspace       used 21358K, capacity 21570K, committed 21936K, reserved 1069056K
  class space    used 2116K, capacity 2219K, committed 2304K, reserved 1048576K
GC Heap History (10 events):
Event: 37.590 GC heap before
{Heap before GC invocations=9 (full 0):
 PSYoungGen      total 26112K, used 25708K [0x00000000f0b80000, 0x00000000f3980000, 0x0000000100000000)
  eden space 22528K, 100% used [0x00000000f0b80000,0x00000000f2180000,0x00000000f2180000)
  from space 3584K, 88% used [0x00000000f3600000,0x00000000f391b280,0x00000000f3980000)
  to   space 4608K, 0% used [0x00000000f3080000,0x00000000f3080000,0x00000000f3500000)
 ParOldGen       total 31744K, used 5962K [0x00000000d2200000, 0x00000000d4100000, 0x00000000f0b80000)
  object space 31744K, 18% used [0x00000000d2200000,0x00000000d27d29e0,0x00000000d4100000)
 Metaspace       used 20841K, capacity 21014K, committed 21296K, reserved 1069056K
  class space    used 2073K, capacity 2121K, committed 2176K, reserved 1048576K
Event: 37.595 GC heap after
Heap after GC invocations=9 (full 0):
 PSYoungGen      total 24064K, used 1849K [0x00000000f0b80000, 0x00000000f3680000, 0x0000000100000000)
  eden space 22016K, 0% used [0x00000000f0b80000,0x00000000f0b80000,0x00000000f2100000)
  from space 2048K, 90% used [0x00000000f3080000,0x00000000f324e570,0x00000000f3280000)
  to   space 4096K, 0% used [0x00000000f3280000,0x00000000f3280000,0x00000000f3680000)
 ParOldGen       total 31744K, used 6687K [0x00000000d2200000, 0x00000000d4100000, 0x00000000f0b80000)
  object space 31744K, 21% used [0x00000000d2200000,0x00000000d2887d60,0x00000000d4100000)
 Metaspace       used 20841K, capacity 21014K, committed 21296K, reserved 1069056K
  class space    used 2073K, capacity 2121K, committed 2176K, reserved 1048576K
}
Event: 43.941 GC heap before
{Heap before GC invocations=10 (full 0):
 PSYoungGen      total 24064K, used 14239K [0x00000000f0b80000, 0x00000000f3680000, 0x0000000100000000)
  eden space 22016K, 56% used [0x00000000f0b80000,0x00000000f1799a70,0x00000000f2100000)
  from space 2048K, 90% used [0x00000000f3080000,0x00000000f324e570,0x00000000f3280000)
  to   space 4096K, 0% used [0x00000000f3280000,0x00000000f3280000,0x00000000f3680000)
 ParOldGen       total 31744K, used 6687K [0x00000000d2200000, 0x00000000d4100000, 0x00000000f0b80000)
  object space 31744K, 21% used [0x00000000d2200000,0x00000000d2887d60,0x00000000d4100000)
 Metaspace       used 20955K, capacity 21110K, committed 21296K, reserved 1069056K
  class space    used 2086K, capacity 2153K, committed 2176K, reserved 1048576K
Event: 43.946 GC heap after
Heap after GC invocations=10 (full 0):
 PSYoungGen      total 22528K, used 701K [0x00000000f0b80000, 0x00000000f3380000, 0x0000000100000000)
  eden space 21504K, 0% used [0x00000000f0b80000,0x00000000f0b80000,0x00000000f2080000)
  from space 1024K, 68% used [0x00000000f3280000,0x00000000f332f680,0x00000000f3380000)
  to   space 4608K, 0% used [0x00000000f2a80000,0x00000000f2a80000,0x00000000f2f00000)
 ParOldGen       total 31744K, used 6951K [0x00000000d2200000, 0x00000000d4100000, 0x00000000f0b80000)
  object space 31744K, 21% used [0x00000000d2200000,0x00000000d28c9ed0,0x00000000d4100000)
 Metaspace       used 20955K, capacity 21110K, committed 21296K, reserved 1069056K
  class space    used 2086K, capacity 2153K, committed 2176K, reserved 1048576K
}
Event: 43.946 GC heap before
{Heap before GC invocations=11 (full 1):
 PSYoungGen      total 22528K, used 701K [0x00000000f0b80000, 0x00000000f3380000, 0x0000000100000000)
  eden space 21504K, 0% used [0x00000000f0b80000,0x00000000f0b80000,0x00000000f2080000)
  from space 1024K, 68% used [0x00000000f3280000,0x00000000f332f680,0x00000000f3380000)
  to   space 4608K, 0% used [0x00000000f2a80000,0x00000000f2a80000,0x00000000f2f00000)
 ParOldGen       total 31744K, used 6951K [0x00000000d2200000, 0x00000000d4100000, 0x00000000f0b80000)
  object space 31744K, 21% used [0x00000000d2200000,0x00000000d28c9ed0,0x00000000d4100000)
 Metaspace       used 20955K, capacity 21110K, committed 21296K, reserved 1069056K
  class space    used 2086K, capacity 2153K, committed 2176K, reserved 1048576K
Event: 44.058 GC heap after
Heap after GC invocations=11 (full 1):
 PSYoungGen      total 22528K, used 0K [0x00000000f0b80000, 0x00000000f3380000, 0x0000000100000000)
  eden space 21504K, 0% used [0x00000000f0b80000,0x00000000f0b80000,0x00000000f2080000)
  from space 1024K, 0% used [0x00000000f3280000,0x00000000f3280000,0x00000000f3380000)
  to   space 4608K, 0% used [0x00000000f2a80000,0x00000000f2a80000,0x00000000f2f00000)
 ParOldGen       total 20480K, used 6232K [0x00000000d2200000, 0x00000000d3600000, 0x00000000f0b80000)
  object space 20480K, 30% used [0x00000000d2200000,0x00000000d28162a8,0x00000000d3600000)
 Metaspace       used 20955K, capacity 21110K, committed 21296K, reserved 1069056K
  class space    used 2086K, capacity 2153K, committed 2176K, reserved 1048576K
}
Event: 47.125 GC heap before
{Heap before GC invocations=12 (full 1):
 PSYoungGen      total 22528K, used 20948K [0x00000000f0b80000, 0x00000000f3380000, 0x0000000100000000)
  eden space 21504K, 97% used [0x00000000f0b80000,0x00000000f1ff5398,0x00000000f2080000)
  from space 1024K, 0% used [0x00000000f3280000,0x00000000f3280000,0x00000000f3380000)
  to   space 4608K, 0% used [0x00000000f2a80000,0x00000000f2a80000,0x00000000f2f00000)
 ParOldGen       total 20480K, used 6232K [0x00000000d2200000, 0x00000000d3600000, 0x00000000f0b80000)
  object space 20480K, 30% used [0x00000000d2200000,0x00000000d28162a8,0x00000000d3600000)
 Metaspace       used 21341K, capacity 21558K, committed 21936K, reserved 1069056K
  class space    used 2115K, capacity 2217K, committed 2304K, reserved 1048576K
Event: 47.130 GC heap after
Heap after GC invocations=12 (full 1):
 PSYoungGen      total 22528K, used 1088K [0x00000000f0b80000, 0x00000000f3300000, 0x0000000100000000)
  eden space 20992K, 0% used [0x00000000f0b80000,0x00000000f0b80000,0x00000000f2000000)
  from space 1536K, 70% used [0x00000000f2a80000,0x00000000f2b901d8,0x00000000f2c00000)
  to   space 4608K, 0% used [0x00000000f2e80000,0x00000000f2e80000,0x00000000f3300000)
 ParOldGen       total 20480K, used 6240K [0x00000000d2200000, 0x00000000d3600000, 0x00000000f0b80000)
  object space 20480K, 30% used [0x00000000d2200000,0x00000000d28182a8,0x00000000d3600000)
 Metaspace       used 21341K, capacity 21558K, committed 21936K, reserved 1069056K
  class space    used 2115K, capacity 2217K, committed 2304K, reserved 1048576K
}
Event: 48.747 GC heap before
{Heap before GC invocations=13 (full 1):
 PSYoungGen      total 22528K, used 21196K [0x00000000f0b80000, 0x00000000f3300000, 0x0000000100000000)
  eden space 20992K, 95% used [0x00000000f0b80000,0x00000000f1f22ff0,0x00000000f2000000)
  from space 1536K, 70% used [0x00000000f2a80000,0x00000000f2b901d8,0x00000000f2c00000)
  to   space 4608K, 0% used [0x00000000f2e80000,0x00000000f2e80000,0x00000000f3300000)
 ParOldGen       total 20480K, used 6240K [0x00000000d2200000, 0x00000000d3600000, 0x00000000f0b80000)
  object space 20480K, 30% used [0x00000000d2200000,0x00000000d28182a8,0x00000000d3600000)
 Metaspace       used 21347K, capacity 21558K, committed 21936K, reserved 1069056K
  class space    used 2115K, capacity 2217K, committed 2304K, reserved 1048576K
Event: 48.751 GC heap after
Heap after GC invocations=13 (full 1):
 PSYoungGen      total 20992K, used 353K [0x00000000f0b80000, 0x00000000f2f00000, 0x0000000100000000)
  eden space 20480K, 0% used [0x00000000f0b80000,0x00000000f0b80000,0x00000000f1f80000)
  from space 512K, 68% used [0x00000000f2e80000,0x00000000f2ed8410,0x00000000f2f00000)
  to   space 4608K, 0% used [0x00000000f2600000,0x00000000f2600000,0x00000000f2a80000)
 ParOldGen       total 20480K, used 6731K [0x00000000d2200000, 0x00000000d3600000, 0x00000000f0b80000)
  object space 20480K, 32% used [0x00000000d2200000,0x00000000d2892ec8,0x00000000d3600000)
 Metaspace       used 21347K, capacity 21558K, committed 21936K, reserved 1069056K
  class space    used 2115K, capacity 2217K, committed 2304K, reserved 1048576K
}

