# JRE version: Java(TM) SE Runtime Environment (8.0_72-b15) (build 1.8.0_72-b15)
# Java VM: Java HotSpot(TM) 64-Bit Server VM (25.72-b15 mixed mode linux-amd64 compressed oops)
Heap:
 PSYoungGen      total 126976K, used 3229K [0x00000000d6600000, 0x00000000def80000, 0x0000000100000000)
  eden space 117248K, 2% used [0x00000000d6600000,0x00000000d69277d8,0x00000000dd880000)
  from space 9728K, 0% used [0x00000000ddc80000,0x00000000ddc80000,0x00000000de600000)
  to   space 9728K, 0% used [0x00000000de600000,0x00000000de600000,0x00000000def80000)
 ParOldGen       total 48640K, used 4436K [0x0000000083200000, 0x0000000086180000, 0x00000000d6600000)
  object space 48640K, 9% used [0x0000000083200000,0x0000000083655340,0x0000000086180000)
 Metaspace       used 21374K, capacity 21551K, committed 21808K, reserved 1069056K
  class space    used 2280K, capacity 2374K, committed 2432K, reserved 1048576K
GC Heap History (10 events):
Event: 9.013 GC heap before
{Heap before GC invocations=6 (full 1):
 PSYoungGen      total 70656K, used 4529K [0x00000000d6600000, 0x00000000df800000, 0x0000000100000000)
  eden space 65536K, 0% used [0x00000000d6600000,0x00000000d6600000,0x00000000da600000)
  from space 5120K, 88% used [0x00000000da600000,0x00000000daa6c558,0x00000000dab00000)
  to   space 9216K, 0% used [0x00000000def00000,0x00000000def00000,0x00000000df800000)
 ParOldGen       total 86016K, used 4843K [0x0000000083200000, 0x0000000088600000, 0x00000000d6600000)
  object space 86016K, 5% used [0x0000000083200000,0x00000000836bad50,0x0000000088600000)
 Metaspace       used 20914K, capacity 21039K, committed 21296K, reserved 1069056K
  class space    used 2242K, capacity 2310K, committed 2432K, reserved 1048576K
Event: 9.060 GC heap after
Heap after GC invocations=6 (full 1):
 PSYoungGen      total 70656K, used 0K [0x00000000d6600000, 0x00000000df800000, 0x0000000100000000)
  eden space 65536K, 0% used [0x00000000d6600000,0x00000000d6600000,0x00000000da600000)
  from space 5120K, 0% used [0x00000000da600000,0x00000000da600000,0x00000000dab00000)
  to   space 9216K, 0% used [0x00000000def00000,0x00000000def00000,0x00000000df800000)
 ParOldGen       total 48640K, used 4908K [0x0000000083200000, 0x0000000086180000, 0x00000000d6600000)
  object space 48640K, 10% used [0x0000000083200000,0x00000000836cb3e0,0x0000000086180000)
 Metaspace       used 20914K, capacity 21039K, committed 21296K, reserved 1069056K
  class space    used 2242K, capacity 2310K, committed 2432K, reserved 1048576K
}
Event: 9.103 GC heap before
{Heap before GC invocations=7 (full 1):
 PSYoungGen      total 70656K, used 1841K [0x00000000d6600000, 0x00000000df800000, 0x0000000100000000)
  eden space 65536K, 2% used [0x00000000d6600000,0x00000000d67cc468,0x00000000da600000)
  from space 5120K, 0% used [0x00000000da600000,0x00000000da600000,0x00000000dab00000)
  to   space 9216K, 0% used [0x00000000def00000,0x00000000def00000,0x00000000df800000)
 ParOldGen       total 48640K, used 4908K [0x0000000083200000, 0x0000000086180000, 0x00000000d6600000)
  object space 48640K, 10% used [0x0000000083200000,0x00000000836cb3e0,0x0000000086180000)
 Metaspace       used 20963K, capacity 21135K, committed 21552K, reserved 1069056K
  class space    used 2246K, capacity 2342K, committed 2432K, reserved 1048576K
Event: 9.106 GC heap after
Heap after GC invocations=7 (full 1):
 PSYoungGen      total 117760K, used 321K [0x00000000d6600000, 0x00000000def80000, 0x0000000100000000)
  eden space 117248K, 0% used [0x00000000d6600000,0x00000000d6600000,0x00000000dd880000)
  from space 512K, 62% used [0x00000000def00000,0x00000000def50410,0x00000000def80000)
  to   space 9728K, 0% used [0x00000000ddc80000,0x00000000ddc80000,0x00000000de600000)
 ParOldGen       total 48640K, used 4908K [0x0000000083200000, 0x0000000086180000, 0x00000000d6600000)
  object space 48640K, 10% used [0x0000000083200000,0x00000000836cb3e0,0x0000000086180000)
 Metaspace       used 20963K, capacity 21135K, committed 21552K, reserved 1069056K
  class space    used 2246K, capacity 2342K, committed 2432K, reserved 1048576K
}
Event: 9.106 GC heap before
{Heap before GC invocations=8 (full 2):
 PSYoungGen      total 117760K, used 321K [0x00000000d6600000, 0x00000000def80000, 0x0000000100000000)
  eden space 117248K, 0% used [0x00000000d6600000,0x00000000d6600000,0x00000000dd880000)
  from space 512K, 62% used [0x00000000def00000,0x00000000def50410,0x00000000def80000)
  to   space 9728K, 0% used [0x00000000ddc80000,0x00000000ddc80000,0x00000000de600000)
 ParOldGen       total 48640K, used 4908K [0x0000000083200000, 0x0000000086180000, 0x00000000d6600000)
  object space 48640K, 10% used [0x0000000083200000,0x00000000836cb3e0,0x0000000086180000)
 Metaspace       used 20963K, capacity 21135K, committed 21552K, reserved 1069056K
  class space    used 2246K, capacity 2342K, committed 2432K, reserved 1048576K
Event: 9.155 GC heap after
Heap after GC invocations=8 (full 2):
 PSYoungGen      total 117760K, used 0K [0x00000000d6600000, 0x00000000def80000, 0x0000000100000000)
  eden space 117248K, 0% used [0x00000000d6600000,0x00000000d6600000,0x00000000dd880000)
  from space 512K, 0% used [0x00000000def00000,0x00000000def00000,0x00000000def80000)
  to   space 9728K, 0% used [0x00000000ddc80000,0x00000000ddc80000,0x00000000de600000)
 ParOldGen       total 48640K, used 4200K [0x0000000083200000, 0x0000000086180000, 0x00000000d6600000)
  object space 48640K, 8% used [0x0000000083200000,0x000000008361a128,0x0000000086180000)
 Metaspace       used 20963K, capacity 21135K, committed 21552K, reserved 1069056K
  class space    used 2246K, capacity 2342K, committed 2432K, reserved 1048576K
}
Event: 9.256 GC heap before
{Heap before GC invocations=9 (full 2):
 PSYoungGen      total 117760K, used 6549K [0x00000000d6600000, 0x00000000def80000, 0x0000000100000000)
  eden space 117248K, 5% used [0x00000000d6600000,0x00000000d6c65558,0x00000000dd880000)
  from space 512K, 0% used [0x00000000def00000,0x00000000def00000,0x00000000def80000)
  to   space 9728K, 0% used [0x00000000ddc80000,0x00000000ddc80000,0x00000000de600000)
 ParOldGen       total 48640K, used 4200K [0x0000000083200000, 0x0000000086180000, 0x00000000d6600000)
  object space 48640K, 8% used [0x0000000083200000,0x000000008361a128,0x0000000086180000)
 Metaspace       used 21373K, capacity 21551K, committed 21808K, reserved 1069056K
  class space    used 2280K, capacity 2374K, committed 2432K, reserved 1048576K
Event: 9.262 GC heap after
Heap after GC invocations=9 (full 2):
 PSYoungGen      total 126976K, used 1057K [0x00000000d6600000, 0x00000000def80000, 0x0000000100000000)
  eden space 117248K, 0% used [0x00000000d6600000,0x00000000d6600000,0x00000000dd880000)
  from space 9728K, 10% used [0x00000000ddc80000,0x00000000ddd885e8,0x00000000de600000)
  to   space 9728K, 0% used [0x00000000de600000,0x00000000de600000,0x00000000def80000)
 ParOldGen       total 48640K, used 4208K [0x0000000083200000, 0x0000000086180000, 0x00000000d6600000)
  object space 48640K, 8% used [0x0000000083200000,0x000000008361c128,0x0000000086180000)
 Metaspace       used 21373K, capacity 21551K, committed 21808K, reserved 1069056K
  class space    used 2280K, capacity 2374K, committed 2432K, reserved 1048576K
}
Event: 9.262 GC heap before
{Heap before GC invocations=10 (full 3):
 PSYoungGen      total 126976K, used 1057K [0x00000000d6600000, 0x00000000def80000, 0x0000000100000000)
  eden space 117248K, 0% used [0x00000000d6600000,0x00000000d6600000,0x00000000dd880000)
  from space 9728K, 10% used [0x00000000ddc80000,0x00000000ddd885e8,0x00000000de600000)
  to   space 9728K, 0% used [0x00000000de600000,0x00000000de600000,0x00000000def80000)
 ParOldGen       total 48640K, used 4208K [0x0000000083200000, 0x0000000086180000, 0x00000000d6600000)
  object space 48640K, 8% used [0x0000000083200000,0x000000008361c128,0x0000000086180000)
 Metaspace       used 21373K, capacity 21551K, committed 21808K, reserved 1069056K
  class space    used 2280K, capacity 2374K, committed 2432K, reserved 1048576K
Event: 9.316 GC heap after
Heap after GC invocations=10 (full 3):
 PSYoungGen      total 126976K, used 0K [0x00000000d6600000, 0x00000000def80000, 0x0000000100000000)
  eden space 117248K, 0% used [0x00000000d6600000,0x00000000d6600000,0x00000000dd880000)
  from space 9728K, 0% used [0x00000000ddc80000,0x00000000ddc80000,0x00000000de600000)
  to   space 9728K, 0% used [0x00000000de600000,0x00000000de600000,0x00000000def80000)
 ParOldGen       total 48640K, used 4436K [0x0000000083200000, 0x0000000086180000, 0x00000000d6600000)
  object space 48640K, 9% used [0x0000000083200000,0x0000000083655340,0x0000000086180000)
 Metaspace       used 21373K, capacity 21551K, committed 21808K, reserved 1069056K
  class space    used 2280K, capacity 2374K, committed 2432K, reserved 1048576K
}

